{
"./js/modules/feature.js":{"path":"./js/modules/feature.js","s":{"1":1,"2":1},"b":{},"f":{"1":1},"fnMap":{"1":{"name":"(anonymous_1)","line":1,"loc":{"start":{"line":1,"column":8},"end":{"line":1,"column":20}}}},"statementMap":{"1":{"start":{"line":1,"column":1},"end":{"line":8,"column":3}},"2":{"start":{"line":5,"column":4},"end":{"line":7,"column":6}}},"branchMap":{},"l":{"1":1,"5":1}},
"./js/modules/logger.js":{"path":"./js/modules/logger.js","s":{"1":1,"2":1,"3":1},"b":{},"f":{"1":1,"2":1},"fnMap":{"1":{"name":"(anonymous_1)","line":1,"loc":{"start":{"line":1,"column":8},"end":{"line":1,"column":20}}},"2":{"name":"(anonymous_2)","line":5,"loc":{"start":{"line":5,"column":13},"end":{"line":5,"column":30}}}},"statementMap":{"1":{"start":{"line":1,"column":1},"end":{"line":9,"column":3}},"2":{"start":{"line":4,"column":4},"end":{"line":8,"column":6}},"3":{"start":{"line":6,"column":12},"end":{"line":6,"column":31}}},"branchMap":{},"l":{"1":1,"4":1,"6":1}}}
